<?xml version="1.0" encoding="UTF-8"?>
<testng-results ignored="0" total="6" passed="5" failed="0" skipped="1">
  <reporter-output>
    <line>
      <![CDATA[<br>Verification failure : expected [abc] but found [xyz]<br>]]>
    </line>
    <line>
      <![CDATA[<a target="_blank" href=Sun_Aug_18_16_57_04_IST_2024.jpg><img src=Sun_Aug_18_16_57_04_IST_2024.jpg height=200 width=200></img></a>]]>
    </line>
    <line>
      <![CDATA[<br>]]>
    </line>
    <line>
      <![CDATA[<br>]]>
    </line>
  </reporter-output>
  <suite started-at="2024-08-18T11:27:04Z" name="Data Driven Basics" finished-at="2024-08-18T11:27:25Z" duration-ms="21168">
    <groups>
    </groups>
    <test started-at="2024-08-18T11:27:04Z" name="Bank Manager Login Test" finished-at="2024-08-18T11:27:08Z" duration-ms="3486">
      <class name="com.w2a.testcases.BankManagerLoginTest">
        <test-method signature="bankManagerLoginTest()[pri:0, instance:com.w2a.testcases.BankManagerLoginTest@6b8d96d9]" started-at="2024-08-18T11:27:04Z" name="bankManagerLoginTest" finished-at="2024-08-18T11:27:08Z" duration-ms="3446" status="PASS">
          <reporter-output>
            <line>
              <![CDATA[<br>Verification failure : expected [abc] but found [xyz]<br>]]>
            </line>
            <line>
              <![CDATA[<a target="_blank" href=Sun_Aug_18_16_57_04_IST_2024.jpg><img src=Sun_Aug_18_16_57_04_IST_2024.jpg height=200 width=200></img></a>]]>
            </line>
            <line>
              <![CDATA[<br>]]>
            </line>
            <line>
              <![CDATA[<br>]]>
            </line>
          </reporter-output>
        </test-method> <!-- bankManagerLoginTest -->
      </class> <!-- com.w2a.testcases.BankManagerLoginTest -->
    </test> <!-- Bank Manager Login Test -->
    <test started-at="2024-08-18T11:27:08Z" name="Add Customer Test" finished-at="2024-08-18T11:27:22Z" duration-ms="14147">
      <class name="com.w2a.testcases.AddCustomerTest">
        <test-method signature="addCustomerTest(java.util.Hashtable)[pri:0, instance:com.w2a.testcases.AddCustomerTest@1ecee32c]" started-at="2024-08-18T11:27:08Z" name="addCustomerTest" data-provider="dp" finished-at="2024-08-18T11:27:13Z" duration-ms="4887" status="PASS">
          <params>
            <param index="0">
              <value>
                <![CDATA[{alerttext=Customer added successfully, postcode=A234wd, lastname=Arora, runmode=Y, firstname=Raman}]]>
              </value>
            </param>
          </params>
          <reporter-output>
          </reporter-output>
        </test-method> <!-- addCustomerTest -->
        <test-method signature="addCustomerTest(java.util.Hashtable)[pri:0, instance:com.w2a.testcases.AddCustomerTest@1ecee32c]" started-at="2024-08-18T11:27:13Z" name="addCustomerTest" data-provider="dp" finished-at="2024-08-18T11:27:13Z" duration-ms="0" status="SKIP">
          <params>
            <param index="0">
              <value>
                <![CDATA[{alerttext=Customer added successfully, postcode=A234wd, lastname=Arora, runmode=N, firstname=Rahul}]]>
              </value>
            </param>
          </params>
          <exception class="org.testng.SkipException">
            <message>
              <![CDATA[Skipping the test case as the Run mode for data set is NO]]>
            </message>
            <full-stacktrace>
              <![CDATA[org.testng.SkipException: Skipping the test case as the Run mode for data set is NO
at com.w2a.testcases.AddCustomerTest.addCustomerTest(AddCustomerTest.java:22)
at java.base/jdk.internal.reflect.NativeMethodAccessorImpl.invoke0(Native Method)
at java.base/jdk.internal.reflect.NativeMethodAccessorImpl.invoke(NativeMethodAccessorImpl.java:77)
at java.base/jdk.internal.reflect.DelegatingMethodAccessorImpl.invoke(DelegatingMethodAccessorImpl.java:43)
at java.base/java.lang.reflect.Method.invoke(Method.java:568)
at org.testng.internal.MethodInvocationHelper.invokeMethod(MethodInvocationHelper.java:124)
at org.testng.internal.Invoker.invokeMethod(Invoker.java:583)
at org.testng.internal.Invoker.invokeTestMethod(Invoker.java:719)
at org.testng.internal.Invoker.invokeTestMethods(Invoker.java:989)
at org.testng.internal.TestMethodWorker.invokeTestMethods(TestMethodWorker.java:125)
at org.testng.internal.TestMethodWorker.run(TestMethodWorker.java:109)
at org.testng.TestRunner.privateRun(TestRunner.java:648)
at org.testng.TestRunner.run(TestRunner.java:505)
at org.testng.SuiteRunner.runTest(SuiteRunner.java:455)
at org.testng.SuiteRunner.runSequentially(SuiteRunner.java:450)
at org.testng.SuiteRunner.privateRun(SuiteRunner.java:415)
at org.testng.SuiteRunner.run(SuiteRunner.java:364)
at org.testng.SuiteRunnerWorker.runSuite(SuiteRunnerWorker.java:52)
at org.testng.SuiteRunnerWorker.run(SuiteRunnerWorker.java:84)
at org.testng.TestNG.runSuitesSequentially(TestNG.java:1208)
at org.testng.TestNG.runSuitesLocally(TestNG.java:1137)
at org.testng.TestNG.runSuites(TestNG.java:1049)
at org.testng.TestNG.run(TestNG.java:1017)
at org.testng.remote.AbstractRemoteTestNG.run(AbstractRemoteTestNG.java:115)
at org.testng.remote.RemoteTestNG.initAndRun(RemoteTestNG.java:251)
at org.testng.remote.RemoteTestNG.main(RemoteTestNG.java:77)
]]>
            </full-stacktrace>
          </exception> <!-- org.testng.SkipException -->
          <reporter-output>
          </reporter-output>
        </test-method> <!-- addCustomerTest -->
        <test-method signature="addCustomerTest(java.util.Hashtable)[pri:0, instance:com.w2a.testcases.AddCustomerTest@1ecee32c]" started-at="2024-08-18T11:27:13Z" name="addCustomerTest" data-provider="dp" finished-at="2024-08-18T11:27:18Z" duration-ms="4547" status="PASS">
          <params>
            <param index="0">
              <value>
                <![CDATA[{alerttext=Customer added successfully, postcode=A234wd, lastname=Arora, runmode=Y, firstname=Ishita}]]>
              </value>
            </param>
          </params>
          <reporter-output>
          </reporter-output>
        </test-method> <!-- addCustomerTest -->
        <test-method signature="addCustomerTest(java.util.Hashtable)[pri:0, instance:com.w2a.testcases.AddCustomerTest@1ecee32c]" started-at="2024-08-18T11:27:18Z" name="addCustomerTest" data-provider="dp" finished-at="2024-08-18T11:27:22Z" duration-ms="4672" status="PASS">
          <params>
            <param index="0">
              <value>
                <![CDATA[{alerttext=Customer added successfully, postcode=A234wd, lastname=Sehgal, runmode=Y, firstname=Rohit}]]>
              </value>
            </param>
          </params>
          <reporter-output>
          </reporter-output>
        </test-method> <!-- addCustomerTest -->
      </class> <!-- com.w2a.testcases.AddCustomerTest -->
    </test> <!-- Add Customer Test -->
    <test started-at="2024-08-18T11:27:23Z" name="Open Account Test" finished-at="2024-08-18T11:27:25Z" duration-ms="2813">
      <class name="com.w2a.testcases.OpenAccountTest">
        <test-method is-config="true" signature="setUp()[pri:0, instance:com.w2a.testcases.OpenAccountTest@5b619d14]" started-at="2024-08-18T11:26:57Z" name="setUp" finished-at="2024-08-18T11:27:04Z" duration-ms="7624" status="PASS">
          <reporter-output>
          </reporter-output>
        </test-method> <!-- setUp -->
        <test-method signature="openAccountTest(java.util.Hashtable)[pri:0, instance:com.w2a.testcases.OpenAccountTest@5b619d14]" started-at="2024-08-18T11:27:23Z" name="openAccountTest" data-provider="dp" finished-at="2024-08-18T11:27:25Z" duration-ms="2810" status="PASS">
          <params>
            <param index="0">
              <value>
                <![CDATA[{currency=Rupee, customer=Raman Arora}]]>
              </value>
            </param>
          </params>
          <reporter-output>
          </reporter-output>
        </test-method> <!-- openAccountTest -->
        <test-method is-config="true" signature="tearDown()[pri:0, instance:com.w2a.testcases.OpenAccountTest@5b619d14]" started-at="2024-08-18T11:27:25Z" name="tearDown" finished-at="2024-08-18T11:27:26Z" duration-ms="445" status="PASS">
          <reporter-output>
          </reporter-output>
        </test-method> <!-- tearDown -->
      </class> <!-- com.w2a.testcases.OpenAccountTest -->
    </test> <!-- Open Account Test -->
  </suite> <!-- Data Driven Basics -->
</testng-results>
